<?xml version="1.0" encoding="UTF-8" standalone="no"?><testsuite errors="1" failures="0" name="Compra en Demoblaze" skipped="0" tests="1" time="11.08" timestamp="2025-02-18 06:38:07"><testcase name="Compra de productos en Demoblaze"><error message="no such alert&#10;  (Session info: chrome=133.0.6943.98)&#10;Build info: version: '4.21.0', revision: '79ed462ef4'&#10;System info: os.name: 'Windows 11', os.arch: 'amd64', os.version: '10.0', java.version: '18.0.2'&#10;Driver info: org.openqa.selenium.chrome.ChromeDriver&#10;Command: [78e1dd172fe6fdd7251f9187412f5cec, getAlertText {}]&#10;Capabilities {acceptInsecureCerts: false, browserName: chrome, browserVersion: 133.0.6943.98, chrome: {chromedriverVersion: 133.0.6943.98 (da53563ceb66..., userDataDir: C:\Users\EDISON~1.DEL\AppDa...}, fedcm:accounts: true, goog:chromeOptions: {debuggerAddress: localhost:57512}, networkConnectionEnabled: false, pageLoadStrategy: normal, platformName: windows, proxy: Proxy(), se:cdp: ws://localhost:57512/devtoo..., se:cdpVersion: 133.0.6943.98, setWindowRect: true, strictFileInteractability: false, timeouts: {implicit: 0, pageLoad: 300000, script: 30000}, unhandledPromptBehavior: dismiss and notify, webauthn:extension:credBlob: true, webauthn:extension:largeBlob: true, webauthn:extension:minPinLength: true, webauthn:extension:prf: true, webauthn:virtualAuthenticators: true}&#10;Session ID: 78e1dd172fe6fdd7251f9187412f5cec" type="org.openqa.selenium.NoAlertPresentException">no such alert
  (Session info: chrome=133.0.6943.98)
Build info: version: '4.21.0', revision: '79ed462ef4'
System info: os.name: 'Windows 11', os.arch: 'amd64', os.version: '10.0', java.version: '18.0.2'
Driver info: org.openqa.selenium.chrome.ChromeDriver
Command: [78e1dd172fe6fdd7251f9187412f5cec, getAlertText {}]
Capabilities {acceptInsecureCerts: false, browserName: chrome, browserVersion: 133.0.6943.98, chrome: {chromedriverVersion: 133.0.6943.98 (da53563ceb66..., userDataDir: C:\Users\EDISON~1.DEL\AppDa...}, fedcm:accounts: true, goog:chromeOptions: {debuggerAddress: localhost:57512}, networkConnectionEnabled: false, pageLoadStrategy: normal, platformName: windows, proxy: Proxy(), se:cdp: ws://localhost:57512/devtoo..., se:cdpVersion: 133.0.6943.98, setWindowRect: true, strictFileInteractability: false, timeouts: {implicit: 0, pageLoad: 300000, script: 30000}, unhandledPromptBehavior: dismiss and notify, webauthn:extension:credBlob: true, webauthn:extension:largeBlob: true, webauthn:extension:minPinLength: true, webauthn:extension:prf: true, webauthn:virtualAuthenticators: true}
Session ID: 78e1dd172fe6fdd7251f9187412f5cec</error><system-err>no such alert
  (Session info: chrome=133.0.6943.98)
Build info: version: '4.21.0', revision: '79ed462ef4'
System info: os.name: 'Windows 11', os.arch: 'amd64', os.version: '10.0', java.version: '18.0.2'
Driver info: org.openqa.selenium.chrome.ChromeDriver
Command: [78e1dd172fe6fdd7251f9187412f5cec, getAlertText {}]
Capabilities {acceptInsecureCerts: false, browserName: chrome, browserVersion: 133.0.6943.98, chrome: {chromedriverVersion: 133.0.6943.98 (da53563ceb66..., userDataDir: C:\Users\EDISON~1.DEL\AppDa...}, fedcm:accounts: true, goog:chromeOptions: {debuggerAddress: localhost:57512}, networkConnectionEnabled: false, pageLoadStrategy: normal, platformName: windows, proxy: Proxy(), se:cdp: ws://localhost:57512/devtoo..., se:cdpVersion: 133.0.6943.98, setWindowRect: true, strictFileInteractability: false, timeouts: {implicit: 0, pageLoad: 300000, script: 30000}, unhandledPromptBehavior: dismiss and notify, webauthn:extension:credBlob: true, webauthn:extension:largeBlob: true, webauthn:extension:minPinLength: true, webauthn:extension:prf: true, webauthn:virtualAuthenticators: true}
Session ID: 78e1dd172fe6fdd7251f9187412f5cec&#13;
co.com.DemoBlaze.Interactions.InteraccionVentanaEmergente.performAs(InteraccionVentanaEmergente.java:16)&#13;
starter.stepdefinitions.BusquedaDemoBlazeDefiniton.seleccionarProducto(BusquedaDemoBlazeDefiniton.java:41)&#13;
worker.org.gradle.process.internal.worker.GradleWorkerMain.run(GradleWorkerMain.java:69)&#13;
worker.org.gradle.process.internal.worker.GradleWorkerMain.main(GradleWorkerMain.java:74)&#13;
</system-err></testcase></testsuite>